<?xml version="1.0" encoding="UTF-8"?>
<testsuite name="org.pdc.testspring.repository.MemoryMemberRepositoryTest" tests="1" skipped="0" failures="0" errors="0" timestamp="2021-04-03T12:09:15" hostname="bagdongcheol-ui-MacBookAir.local" time="0.029">
  <properties/>
  <testcase name="save()" classname="org.pdc.testspring.repository.MemoryMemberRepositoryTest" time="0.029"/>
  <system-out><![CDATA[]]></system-out>
  <system-err><![CDATA[]]></system-err>
</testsuite>
